2025-04-14 13:26:00 PM INFO  c.e.j.J.F.A.c.I.CompanyServiceImpl - Creating a new company with name: bedfordshire_input_deposit.otf
2025-04-14 13:26:00 PM INFO  c.e.j.J.F.A.c.I.CompanyServiceImpl - Company created successfully with ID: 0
2025-04-14 13:26:02 PM INFO  c.e.j.J.F.A.c.I.CompanyServiceImpl - Creating a new company with name: leverage_toys.cxx
2025-04-14 13:26:02 PM INFO  c.e.j.J.F.A.c.I.CompanyServiceImpl - Company created successfully with ID: 0
2025-04-14 13:26:05 PM INFO  c.e.j.J.F.A.c.I.CompanyServiceImpl - Creating a new company with name: polarised_portals.ei6
2025-04-14 13:26:05 PM INFO  c.e.j.J.F.A.c.I.CompanyServiceImpl - Company created successfully with ID: 0
2025-04-14 13:26:23 PM INFO  c.e.j.J.F.A.c.I.CompanyServiceImpl - Creating a new company with name: metal.msm
2025-04-14 13:26:23 PM INFO  c.e.j.J.F.A.c.I.CompanyServiceImpl - Company created successfully with ID: 0
2025-04-14 13:26:25 PM INFO  c.e.j.J.F.A.c.I.CompanyServiceImpl - Creating a new company with name: evolve_navigate.sid
2025-04-14 13:26:25 PM INFO  c.e.j.J.F.A.c.I.CompanyServiceImpl - Company created successfully with ID: 0
2025-04-14 13:26:26 PM INFO  c.e.j.J.F.A.c.I.CompanyServiceImpl - Creating a new company with name: out_of_the_box_seychelles.jsonml
2025-04-14 13:26:26 PM INFO  c.e.j.J.F.A.c.I.CompanyServiceImpl - Company created successfully with ID: 0
2025-04-14 13:26:27 PM INFO  c.e.j.J.F.A.c.I.CompanyServiceImpl - Creating a new company with name: multi_state_action_items.paw
2025-04-14 13:26:27 PM INFO  c.e.j.J.F.A.c.I.CompanyServiceImpl - Company created successfully with ID: 0
2025-04-14 13:26:28 PM INFO  c.e.j.J.F.A.c.I.CompanyServiceImpl - Creating a new company with name: world_class.msp
2025-04-14 13:26:28 PM INFO  c.e.j.J.F.A.c.I.CompanyServiceImpl - Company created successfully with ID: 0
2025-04-14 13:26:29 PM INFO  c.e.j.J.F.A.c.I.CompanyServiceImpl - Creating a new company with name: virginia_parsing_mali.clkx
2025-04-14 13:26:29 PM INFO  c.e.j.J.F.A.c.I.CompanyServiceImpl - Company created successfully with ID: 0
2025-04-14 13:26:31 PM INFO  c.e.j.J.F.A.c.I.CompanyServiceImpl - Creating a new company with name: invoice_payment.sitx
2025-04-14 13:26:31 PM INFO  c.e.j.J.F.A.c.I.CompanyServiceImpl - Company created successfully with ID: 0
2025-04-14 13:26:36 PM INFO  c.e.j.J.F.A.JobFinderApplication - Starting JobFinderApplication using Java 21.0.6 with PID 12313 (/home/success/Documents/Job-Finder-Application/target/classes started by success in /home/success/Documents/Job-Finder-Application)
2025-04-14 13:26:36 PM DEBUG c.e.j.J.F.A.JobFinderApplication - Running with Spring Boot v3.4.4, Spring v6.2.5
2025-04-14 13:26:36 PM INFO  c.e.j.J.F.A.JobFinderApplication - The following 1 profile is active: "dev"
2025-04-14 13:26:43 PM INFO  c.e.j.J.F.A.JobFinderApplication - Started JobFinderApplication in 7.27 seconds (process running for 8.205)
2025-04-14 13:26:43 PM INFO  c.e.j.J.F.A.c.I.CompanyServiceImpl - Creating a new company with name: product_product.sdd
2025-04-14 13:26:43 PM INFO  c.e.j.J.F.A.c.I.CompanyServiceImpl - Company created successfully with ID: 0
2025-04-14 13:26:45 PM INFO  c.e.j.J.F.A.c.I.CompanyServiceImpl - Creating a new company with name: colorado_handcrafted.uvu
2025-04-14 13:26:45 PM INFO  c.e.j.J.F.A.c.I.CompanyServiceImpl - Company created successfully with ID: 0
2025-04-14 13:26:48 PM INFO  c.e.j.J.F.A.c.I.CompanyServiceImpl - Creating a new company with name: gourde.mid
2025-04-14 13:26:48 PM INFO  c.e.j.J.F.A.c.I.CompanyServiceImpl - Company created successfully with ID: 0
2025-04-14 13:26:50 PM INFO  c.e.j.J.F.A.c.I.CompanyServiceImpl - Creating a new company with name: bricks_and_clicks_small_account.ma
2025-04-14 13:26:50 PM INFO  c.e.j.J.F.A.c.I.CompanyServiceImpl - Company created successfully with ID: 0
2025-04-14 13:26:51 PM INFO  c.e.j.J.F.A.c.I.CompanyServiceImpl - Creating a new company with name: metal_content_multi_byte.f4v
2025-04-14 13:26:51 PM INFO  c.e.j.J.F.A.c.I.CompanyServiceImpl - Company created successfully with ID: 0
2025-04-14 13:26:53 PM INFO  c.e.j.J.F.A.c.I.CompanyServiceImpl - Creating a new company with name: corporate_clothing.blorb
2025-04-14 13:26:53 PM INFO  c.e.j.J.F.A.c.I.CompanyServiceImpl - Company created successfully with ID: 0
2025-04-14 13:26:54 PM INFO  c.e.j.J.F.A.c.I.CompanyServiceImpl - Creating a new company with name: handcrafted_orchid.org
2025-04-14 13:26:54 PM INFO  c.e.j.J.F.A.c.I.CompanyServiceImpl - Company created successfully with ID: 0
2025-04-14 13:26:56 PM INFO  c.e.j.J.F.A.c.I.CompanyServiceImpl - Creating a new company with name: stable_analyzing.dwf
2025-04-14 13:26:56 PM INFO  c.e.j.J.F.A.c.I.CompanyServiceImpl - Company created successfully with ID: 0
2025-04-14 13:26:57 PM INFO  c.e.j.J.F.A.c.I.CompanyServiceImpl - Creating a new company with name: rest.lrm
2025-04-14 13:26:57 PM INFO  c.e.j.J.F.A.c.I.CompanyServiceImpl - Company created successfully with ID: 0
2025-04-14 13:26:58 PM INFO  c.e.j.J.F.A.c.I.CompanyServiceImpl - Creating a new company with name: central_bhutan_account.xlsm
2025-04-14 13:26:58 PM INFO  c.e.j.J.F.A.c.I.CompanyServiceImpl - Company created successfully with ID: 0
